<?xml version="1.0" encoding="UTF-8"?>
<!DOCTYPE suite SYSTEM "http://testng.org/testng-1.0.dtd">
<suite name="All Test Suite">
    <test verbose="2" preserve-order="true" name="C:/Users/ELCOT/IdeaProjects/Testng-Practice">
        <classes>
            <class name="Attributes.PriorityAttribute">
            <methods>
                <include name="priorityattribute"/>
            </methods>
        </class>
            <class name="Attributes.Invocationcount">
                <methods>
            <include name="Me"/>
                    <exclude name="Care"/>
                    <include name="Egoistic"/>
                </methods>
            </class>
            <class name="Test.IncludeExclude">
                <methods>
                    <exclude name="Egoistic"/>
                </methods>
            </class>
            <class name="Attributes.EnableDissable">
                <methods>
                    <include name="Care"/>
                </methods>
            </class>
        </classes>
    </test>
</suite>