<?xml version="1.0" encoding="UTF-8"?>
<!-- Generated by org.testng.reporters.JUnitReportReporter -->
<testsuite hostname="Lenovo" failures="0" tests="4" name="Attributes.Test_NameDiscription" time="20.038" errors="0" timestamp="2023-09-26T11:35:39 IST" skipped="0">
  <testcase classname="Attributes.Test_NameDiscription" name="loginTest" time="5.006"/>
  <system-out/>
  <testcase classname="Attributes.Test_NameDiscription" name="postPictureTest" time="5.007"/>
  <system-out/>
  <testcase classname="Attributes.Test_NameDiscription" name="sendMessageTest" time="5.004"/>
  <system-out/>
  <testcase classname="Attributes.Test_NameDiscription" name="registerAccountTest" time="5.021"/>
  <system-out/>
</testsuite> <!-- Attributes.Test_NameDiscription -->
